

Started POST "/posts" for ::1 at 2015-11-01 17:29:07 +0900
Processing by PostsController#create as HTML
  Parameters: {"utf8"=>"✓", "authenticity_token"=>"i9kagRcZjZraCrsiPOYFHYURP0M9Pt/yoSc8p+oso76JOWdTPM0EAHeUajs3g0S9cIEj+J2MhoY0e+NHsa6csQ==", "post"=>{"title"=>"post 1", "body"=>"sdf asdf adsfa dsf", "comments"=>"[nice, cool]"}, "commit"=>"Create Post"}
Unpermitted parameter: comments
Connected to rethinkdb://localhost:28015/postag_rethinkdb_development
[1;31m[  37.9ms] r.table("posts").insert( {"title" => "post 1", "body" => "sdf asdf adsfa dsf", "id" => "2bXzBxDssLrtXa", "created_at" => r.expr(2015-11-01 08:29:08 +0000), "updated_at" => r.expr(2015-11-01 08:29:08 +0000)})[0m
Redirected to http://localhost:3000/posts/2bXzBxDssLrtXa
Completed 302 Found in 178ms (NoBrainer: 37.9ms (write))


Started GET "/posts/2bXzBxDssLrtXa" for ::1 at 2015-11-01 17:29:08 +0900
Processing by PostsController#show as HTML
  Parameters: {"id"=>"2bXzBxDssLrtXa"}
[1;32m[   1.1ms] r.table("posts").get_all("2bXzBxDssLrtXa", {"index" => :id}).limit(1)[0m
  Rendered posts/show.html.erb within layouts/application (2.5ms)
Completed 200 OK in 1471ms (Views: 1419.1ms | NoBrainer: 1.1ms (read))


Started GET "/assets/scaffolds.self-4b58bb79d84f2097a807abb4fe216b375be7cb9327b76d325897266019804071.css?body=1" for ::1 at 2015-11-01 17:29:09 +0900


Started GET "/assets/posts.self-e3b0c44298fc1c149afbf4c8996fb92427ae41e4649b934ca495991b7852b855.css?body=1" for ::1 at 2015-11-01 17:29:09 +0900


Started GET "/assets/jquery_ujs.self-d456baa54c1fa6be2ec3711f0a72ddf7a5b2f34a6b4f515f33767d6207b7d4b3.js?body=1" for ::1 at 2015-11-01 17:29:09 +0900


Started GET "/assets/turbolinks.self-c37727e9bd6b2735da5c311aa83fead54ed0be6cc8bd9a65309e9c5abe2cbfff.js?body=1" for ::1 at 2015-11-01 17:29:09 +0900


Started GET "/assets/application.self-e80e8f2318043e8af94dddc2adad5a4f09739a8ebb323b3ab31cd71d45fd9113.css?body=1" for ::1 at 2015-11-01 17:29:09 +0900


Started GET "/assets/jquery.self-a714331225dda820228db323939889f149aec0127aeb06255646b616ba1ca419.js?body=1" for ::1 at 2015-11-01 17:29:09 +0900


Started GET "/assets/posts.self-877aef30ae1b040ab8a3aba4e3e309a11d7f2612f44dde450b5c157aa5f95c05.js?body=1" for ::1 at 2015-11-01 17:29:09 +0900


Started GET "/assets/application.self-3b8dabdc891efe46b9a144b400ad69e37d7e5876bdc39dee783419a69d7ca819.js?body=1" for ::1 at 2015-11-01 17:29:09 +0900


Started GET "/posts" for ::1 at 2015-11-01 17:29:12 +0900
Processing by PostsController#index as HTML
[1;32m[   1.4ms] r.table("posts").order_by({"index" => r.asc(:id)})[0m
  Rendered posts/index.html.erb within layouts/application (5.1ms)
Completed 200 OK in 63ms (Views: 60.9ms | NoBrainer: 1.4ms (read))
